<?xml version="1.0" encoding="UTF-8"?>
<testng-results ignored="0" total="1" passed="1" failed="0" skipped="0">
  <reporter-output>
  </reporter-output>
  <suite started-at="2024-05-28T19:14:21Z" name="Suite" finished-at="2024-05-28T19:26:22Z" duration-ms="720469">
    <groups>
    </groups>
    <test started-at="2024-05-28T19:14:21Z" name="Test" finished-at="2024-05-28T19:26:22Z" duration-ms="720469">
      <class name="com.prd.run.DailyOrdersMonitoring">
        <test-method signature="CheckStoreStatus()[pri:0, instance:com.prd.run.DailyOrdersMonitoring@732c2a62]" started-at="2024-05-28T19:14:21Z" name="CheckStoreStatus" finished-at="2024-05-28T19:26:22Z" duration-ms="720440" status="PASS">
          <reporter-output>
          </reporter-output>
        </test-method> <!-- CheckStoreStatus -->
      </class> <!-- com.prd.run.DailyOrdersMonitoring -->
    </test> <!-- Test -->
  </suite> <!-- Suite -->
</testng-results>
